Content-Type: multipart/mixed; boundary="===============7793083096395689330=="
MIME-Version: 1.0
Subject: Qrcode
From: biranesamb9@gmail.com
To: biranesamb9@gmail.com, biranebs96@gmail.com, biranesamb9@gmail.com
Date: Sat, 18 Mar 2023 13:07:59 -0000
Message-ID: <167914487983.19453.1173581093323273233@biradev-Latitude-E7450>

--===============7793083096395689330==
Content-Type: text/plain; charset="utf-8"
MIME-Version: 1.0
Content-Transfer-Encoding: 7bit

Test
--===============7793083096395689330==
Content-Type: image/png
MIME-Version: 1.0
Content-Transfer-Encoding: base64
Content-Disposition: attachment; filename="qrcode.png"

iVBORw0KGgoAAAANSUhEUgAAASIAAAEiAQAAAAB1xeIbAAABDUlEQVR4nO3YzQ2DMAyGYUsMkJFY
PSN1AKQ0OE6CQgU94EitXh/4fThZ+INI+qKioFAoFOovlFgt+fgloptSK8pb6Ul6LdkHOzrcQLmq
vSXrrta0iXlZUHNVeTtQ81WKYTOPmqR01+fRzfxCPahaIvdX5Cq3Uc+pXpoK1rBWKEd1+BpqQynf
E0H5q1LBmmM0jB1COaicw6m2ZP8a2k/1IdQcNcyj8oqgvFWNYF15qJv+JMpRHfqiiWzN2a6/hlBP
KEuFksP1FziOkwnlorQRqf39aiDE82RCeai+8iBt2S2dOoTyVWEYT6h5qsayXUO5K93VDpVrHzqE
clAtkWsYpzaeUL7qplAoFAr18+oN1gGb+9/EjocAAAAASUVORK5CYII=

--===============7793083096395689330==--

-------------------------------------------------------------------------------
