Content-Type: multipart/mixed; boundary="===============6339918243797106635=="
MIME-Version: 1.0
Subject: Qrcode
From: biranesamb9@gmail.com
To: biranebs96@gmail.com
Date: Sat, 18 Mar 2023 13:02:03 -0000
Message-ID: <167914452341.19042.1013719793481776925@biradev-Latitude-E7450>

--===============6339918243797106635==
Content-Type: text/plain; charset="utf-8"
MIME-Version: 1.0
Content-Transfer-Encoding: 7bit

Test
--===============6339918243797106635==
Content-Type: image/png
MIME-Version: 1.0
Content-Transfer-Encoding: base64
Content-Disposition: attachment; filename="qrcode.png"

iVBORw0KGgoAAAANSUhEUgAAA6IAAAOiAQAAAABCg1cqAAALIklEQVR4nO2aUY7rOg5ECWQBXlK2
7iVlAQb0OiKLpJ2+GfliMAM8HH04tiXxMD+FImUb/4exG1SoUKFChQoVKlSoUKFChQoVKtR/NdVi
PN5v3pft/fb1frXV0p/xHIe/88W+dzsyymP8LBlx8cfXvIjwhAoVKtR16nwYr4dYpyQU6Cf4G/3z
8MZ4TvMulnhi73fix7qInCCoUKFCXaS+YzTx2kL4pjZqaeT08y74FrJ4+L2nMydmnv7O/8qj6SVU
qFCh3qeOGOXM3LwlxtfNkPHO5Na2MG9ziaRSogkVKlSof091kZO7Ch0cKjZ93Tj8LpZsh7Xhs6mS
u60oIlSoUKH+Sp0/TREPU/04J0wGLMvEaHWFR4vFXjWWoeuK2EBQoUKFukaNISv237+UXkKFChXq
KrVGFII+J2lLLWti+JTw2TP1Mpr0iZmymG2yGlChQoW6RJVkPUa116sG9J0uaKokh3fbvVOvSvI5
F5tZN35NER9QoUKFeo+a1aCjLVbVRD8nzHIyJ1wHc4fXnmYdGEIKFSpUqMtUR88xX480W0OZuNyN
7LsPFYd6fIzOGpWJRvsDUKFChbpCbR8oRNyjR9tN5i0cnHVnlt322tvq0Qjf61GoUKFCXaOWPbt4
L8Ud6dZmyCHLVsEzEz8sfGUoNcLiT0GFChXqOvXclRqpiBfh68BWSR7K2IqabbJPgYQKFSrUZaqZ
GlIxOsasnfq5fEZdqCXekE/5jOBml72X+hUqVKhQv1Png9Zb6ltkkpo3lXO20q1kURmrOaaGmSnt
mC0QVKhQoS5Rs1Nl/XBvBpJ5a6rWevFlxbqXU6gc59YZVKhQoS5RnRDrLZTOst+VmVSKIZBDFeK+
5SniGBJSq+xUlEKFChXqLWpYMY2jJRF3UrpeU05/l932vHN0BY1tdq4koUKFCvU71ceMO1rjKmSs
2bOZxPRyT4lhn93K6T1Gs3EuqSWfUKFChbpMNR9zqSpJH3VEOArj47AmgTPkULEZF62LUFChQoW6
Tt0tArVCcPqxMGCHelvSyxmi0FV2zh2ug4HpJk80qFChQl2glvBJER89Rna0qthsKukht5hVlJHr
LDtkF7cGFSpUqN+pI1Qtm1kqCetR+qZAe9aKkXHE9Wi7We44cgIqVKhQ71MlbSPMlpeTW+llRtpG
FpbVEsu7qiTHiBNDy/78gAoVKtRlakibOuYuaE8pmFgxW9S42w4JpG/rSYR8bkf+PahQoUJdpTYZ
i+DqY+31uMVFTS+TFVP7S7WntbtTxamcoEKFCnWJalFETv5DHfhxrhp95IcMI6yY6ky1uiJ4lJhq
k9mfdBgqVKhQ/0htfawoHVPQhgpLy2glctG4Ou2tjK0lG7NQoUKFepvqS7ceV3fZs9qqkox36otJ
V2vUROX+hAoVKtR1an1z0JrvlkZNmYRRk+aFFXMd7OpXClu5V40KFSpUqKvU6ranIg5HP06zbsAe
AuaYs08FC6rK0z8qIlSoUKF+pVYl6U31EZua2ToTvJLcE9jQL1PrLDPukaFChQr1BvVD0HrcVk72
70Fd5MrLuW8ru1dieGrrQ4UKFeoatS811Y+X4rAbupGKqHNCn2gp5rbXqUMGFSpUqDeoeXIXIZuW
1XY7lZ2vyMQXR7Jakh39WKIJqFChQr1BDWDp28vOS6cpU7RIMVtY04WlWzubt/49qP4ZVKhQoS5S
97Y+1M+y0e6mbBcrlE6K2LphcXdIKuX5YtvrARUqVKh3qJJAfbkQQyynlhWbzmwrk5dUM9WjW1Ar
6CkAVKhQoS5RR2yXu4oRaItArVPlitj67vPdQ0WkT8ij7XlO+IQKFSrUZeooO7VLDoP/ClmsuFVT
+rZ3YhJDqZ//lVosMYQKFSrUG9SoH8dIqurHIfPWSsdnrnteK8n4A9dkYzFUqFCh3qJ6SAdu6dFk
tkrpYlZ99+h8vWKb37Vjw8masqh4UKFChXqDGkatasAT9eLMqojsI1lp/LRYFvD5Wb9ChQoV6jdq
ob2B/hzp4FwMx1CXS6YscjosWu5WmagovTzuVo4QKlSoUBeo3iz3N9vHJagmfn+MSnJkxaklmVP+
qQwAFSpUqMtU1Y/hrlLL1LOKmJbSlu9CEWOvSswjvoSwvPv0iFChQoX6ldqNlT8f+VHUe8iUuUC6
W7PITlWots1/4cbvHOWpWahQoUJdpfrDVLoQudK83mNvKmlZST5CUj1jb+YrEw8q8wYVKlSoN6ja
FM5Mls2sdsaorrxELipJJXYSvvJoklSoUKFCXacGwWrnGK0X/x4jrFhur8RM66Lvnu+kjR5gv3a5
oEKFCvU71XzowC/07RzSPFA0rswU4zOnbH9NgspOaSNUqFChLlOfwnR35SFn+ysT8zHLRGGie292
8XyqPU8ZQ4UKFeoNaunbU4F8p6P1CUIpopuycZ7Nbc3LjVF77UOHoUKFCvUrdauQY1QfK3a+JGgV
d79UnOnRslPvkV0HX797RKhQoUL9Ro24xa8FrRDsMTzuPB38UETTu5ec3lMXH1ChQoW6RG2VZNM8
M68pq4se65TJuLS1TF9QRbKVRM5ChQoV6g2qnWKEFXvldit7Fl8uzCixo1pdroOmLpfJqHlv/5fT
QahQoUL9T9SrLO66a6yycSmaUWxKOZWiGmGuq6/8U1ChQoW6TI22+RhpylQwFisTG9HC6vIZhs49
2uFBPKAnNn0bVKhQod6jWh8nVfOLppq+7aoaLZ1eM3RDS0pc67QRKlSoUBep7auCXFWXc0gvGK3q
wi0rycnXJw2eWIb3dVChQoV6gxofSn0Uh1oVOUV2FVd66Yl5b2tT7hn5EgUqVKhQ16hyUoeC1/pX
9qxG1zzdlQGLI8ISvtBBKWddoEKFCnWR6molTxW986lq6qL3TxDK0G2ppolO4xe5W09R66BChQp1
jfroxsqrQcnd3KTgqiSfr+htKQk5vfFL9/6sjVChQoW6SlXjalT9mBIYwSWBamtJOaOIDEmtOrNZ
tqE7qFChQr1FNcvyrxxXZpIFY0jl+717uTRgW82qKJ2J7WrNn1wdVKhQoa5QQ9Aeo6I52rbD+rtm
z2TAZmLZ25JKjpzIuw+3BhUqVKhfqSKMFuNyCX1rgU7a6ElsIakulZHJSRuhQoUK9Qa1Qvb6cbhA
amlgTgYspDIkVTs8WUeblPOjkoQKFSrU79ThnaqRglZ31UpXmdgKy+bR2o5QSYsvIaIe1SNUqFCh
rlLjtcudVqXmlchpRPCLW3NqF8Ng+azLJ1SoUKGuU7N7JUWcAhnrr497WTuNGbUqSemgEgv0R5cL
KlSoUL9SQxHLmemxl4khlaF+I6VSe6NXZiYL6G195Tn+5NagQoUK9XeqGu2xuryXhWU7ztmF+pW1
i9mMsjs9XV2mOKBChQp1mRqdqqwkq6b0CXkvH2dDp+yUpzfa1SvzlljM2kWHoUKFCvUrtUYdB059
80sUh6eC8bKu3amSDIUVCypUqFDvUqV1WUmeq8Ymd5XYZ9lZlaRnN16XvZ/1K1SoUKF+o86HkaVj
+bEP9cu7d9w9g7vmlYPTpT5zqAtUqFChrlJV/tnzxDo13y2qQVMfy/fGZw6WcmdivR7yfFaJQYUK
FepfUu0iiz6kl9V3l0pG/djNmwcvB6cmPVSoUKH+FbWOA3cJX4UUUCo5O/VeMOZEnxXVZdYeUKFC
hXqPKs1rn0KNl2zXe2iinNlhv50nuvLt6t77uwRChQoV6h1qjIe819DYC6gWlmc3J/a5axtttCPC
NHT9/0CFChXqMvV/PKBChQoVKlSoUKFChQoVKlSoUKH+a6n/AA8EDv+xUI6RAAAAAElFTkSuQmCC

--===============6339918243797106635==--

-------------------------------------------------------------------------------
